<?xml version="1.0" encoding="UTF-8"?>
<!-- Generated by org.testng.reporters.JUnitXMLReporter -->
<testsuite hostname="user" ignored="0" name="Default test" tests="3" failures="0" timestamp="24 Dec 2018 16:42:29 GMT" time="90.682" errors="0">
  <testcase name="boarding_Testscript" time="29.044" classname="Testscript.BaseClass"/>
  <testcase name="homescreen_Testscript" time="36.225" classname="Testscript.BaseClass"/>
  <testcase name="Morepage_Testscript" time="25.381" classname="Testscript.BaseClass"/>
</testsuite> <!-- Default test -->
