<?xml version="1.0" encoding="UTF-8"?>
<!-- Generated by org.testng.reporters.JUnitXMLReporter -->
<testsuite hostname="user" ignored="0" name="SmokeTestCases" tests="3" failures="0" timestamp="24 Dec 2018 16:47:46 GMT" time="95.662" errors="0">
  <testcase name="boarding_Testscript" time="29.855" classname="Testscript.BaseClass"/>
  <testcase name="homescreen_Testscript" time="38.653" classname="Testscript.BaseClass"/>
  <testcase name="Morepage_Testscript" time="27.134" classname="Testscript.BaseClass"/>
</testsuite> <!-- SmokeTestCases -->
